D:\VISUALSTUDIOWORKSTATION\KNNMACHINELEARNING\KNNMACHINELEARNING\DEBUG\KNNMACHINELEARNING.PCH
D:\VISUALSTUDIOWORKSTATION\KNNMACHINELEARNING\KNNMACHINELEARNING\DEBUG\VC110.PDB
D:\VISUALSTUDIOWORKSTATION\KNNMACHINELEARNING\KNNMACHINELEARNING\DEBUG\STDAFX.OBJ
D:\VISUALSTUDIOWORKSTATION\KNNMACHINELEARNING\KNNMACHINELEARNING\DEBUG\KNNMACHINELEARNING.OBJ
D:\VISUALSTUDIOWORKSTATION\KNNMACHINELEARNING\KNNMACHINELEARNING\DEBUG\KNNMACHINELEARNINGDLG.OBJ
D:\VISUALSTUDIOWORKSTATION\KNNMACHINELEARNING\KNNMACHINELEARNING\DEBUG\READDATATRAINING.OBJ
D:\VISUALSTUDIOWORKSTATION\KNNMACHINELEARNING\KNNMACHINELEARNING\DEBUG\IMAGECPP.OBJ
E:\DAT\VISUALSTUDIOWORKSTAION\KNNMACHINELEARNING\KNNMACHINELEARNING\DEBUG\KNNMACHINELEARNING.PCH
E:\DAT\VISUALSTUDIOWORKSTAION\KNNMACHINELEARNING\KNNMACHINELEARNING\DEBUG\STDAFX.OBJ
E:\DAT\VISUALSTUDIOWORKSTAION\KNNMACHINELEARNING\KNNMACHINELEARNING\DEBUG\VC110.PDB
E:\DAT\VISUALSTUDIOWORKSTAION\KNNMACHINELEARNING\KNNMACHINELEARNING\DEBUG\IMAGE.OBJ
E:\DAT\VISUALSTUDIOWORKSTAION\KNNMACHINELEARNING\KNNMACHINELEARNING\DEBUG\READDATATEST.OBJ
E:\DAT\VISUALSTUDIOWORKSTAION\KNNMACHINELEARNING\KNNMACHINELEARNING\DEBUG\READDATATRAINING.OBJ
E:\DAT\VISUALSTUDIOWORKSTAION\KNNMACHINELEARNING\KNNMACHINELEARNING\DEBUG\KNNMACHINELEARNING.OBJ
E:\DAT\VISUALSTUDIOWORKSTAION\KNNMACHINELEARNING\KNNMACHINELEARNING\DEBUG\KNNMACHINELEARNINGDLG.OBJ
E:\DAT\VISUALSTUDIOWORKSTAION\KNNMACHINELEARNING\KNNMACHINELEARNING\DEBUG\KNN.OBJ
D:\VISUALSTUDIOWORKSTATION\KNNMACHINELEARNING\DEBUG\KNNMACHINELEARNING.ILK
D:\VISUALSTUDIOWORKSTATION\KNNMACHINELEARNING\DEBUG\KNNMACHINELEARNING.EXE
D:\VISUALSTUDIOWORKSTATION\KNNMACHINELEARNING\DEBUG\KNNMACHINELEARNING.PDB
D:\VISUALSTUDIOWORKSTATION\KNNMACHINELEARNING\KNNMACHINELEARNING\DEBUG\KNNMACHINELEARNING.RES
E:\dat\VisualStudioWorkstaion\KNNMachineLearning\KNNMachineLearning\Debug\Imagecpp.obj
E:\dat\VisualStudioWorkstaion\KNNMachineLearning\KNNMachineLearning\Debug\stdafx.obj
E:\dat\VisualStudioWorkstaion\KNNMachineLearning\KNNMachineLearning\Debug\Image.obj
E:\dat\VisualStudioWorkstaion\KNNMachineLearning\KNNMachineLearning\Debug\ReadDataTest.obj
E:\dat\VisualStudioWorkstaion\KNNMachineLearning\KNNMachineLearning\Debug\ReadDataTraining.obj
E:\dat\VisualStudioWorkstaion\KNNMachineLearning\KNNMachineLearning\Debug\KNNMachineLearning.obj
E:\dat\VisualStudioWorkstaion\KNNMachineLearning\KNNMachineLearning\Debug\KNNMachineLearningDlg.obj
E:\dat\VisualStudioWorkstaion\KNNMachineLearning\KNNMachineLearning\Debug\KNN.obj
E:\dat\VisualStudioWorkstaion\KNNMachineLearning\KNNMachineLearning\Debug\link-mt.read.1.tlog
E:\dat\VisualStudioWorkstaion\KNNMachineLearning\KNNMachineLearning\Debug\link-mt.write.1.tlog
E:\dat\VisualStudioWorkstaion\KNNMachineLearning\KNNMachineLearning\Debug\link-rc.read.1.tlog
E:\dat\VisualStudioWorkstaion\KNNMachineLearning\KNNMachineLearning\Debug\link-rc.write.1.tlog
E:\dat\VisualStudioWorkstaion\KNNMachineLearning\KNNMachineLearning\Debug\link-cvtres.read.1.tlog
E:\dat\VisualStudioWorkstaion\KNNMachineLearning\KNNMachineLearning\Debug\link-cvtres.write.1.tlog
E:\dat\VisualStudioWorkstaion\KNNMachineLearning\KNNMachineLearning\Debug\link.5488-mt.read.1.tlog
E:\dat\VisualStudioWorkstaion\KNNMachineLearning\KNNMachineLearning\Debug\link.5488-mt.write.1.tlog
E:\dat\VisualStudioWorkstaion\KNNMachineLearning\KNNMachineLearning\Debug\link.5488-rc.read.1.tlog
E:\dat\VisualStudioWorkstaion\KNNMachineLearning\KNNMachineLearning\Debug\link.5488-rc.write.1.tlog
E:\dat\VisualStudioWorkstaion\KNNMachineLearning\KNNMachineLearning\Debug\link.5488-cvtres.read.1.tlog
E:\dat\VisualStudioWorkstaion\KNNMachineLearning\KNNMachineLearning\Debug\link.5488-cvtres.write.1.tlog
E:\dat\VisualStudioWorkstaion\KNNMachineLearning\KNNMachineLearning\Debug\link.5488.read.1.tlog
E:\dat\VisualStudioWorkstaion\KNNMachineLearning\KNNMachineLearning\Debug\link.5488.write.1.tlog
E:\dat\VisualStudioWorkstaion\KNNMachineLearning\KNNMachineLearning\Debug\CL.read.1.tlog
E:\dat\VisualStudioWorkstaion\KNNMachineLearning\KNNMachineLearning\Debug\CL.write.1.tlog
E:\dat\VisualStudioWorkstaion\KNNMachineLearning\KNNMachineLearning\Debug\cl.command.1.tlog
E:\dat\VisualStudioWorkstaion\KNNMachineLearning\KNNMachineLearning\Debug\link.5884-cvtres.read.1.tlog
E:\dat\VisualStudioWorkstaion\KNNMachineLearning\KNNMachineLearning\Debug\link.5884-cvtres.write.1.tlog
E:\dat\VisualStudioWorkstaion\KNNMachineLearning\KNNMachineLearning\Debug\link.5884-mt.read.1.tlog
E:\dat\VisualStudioWorkstaion\KNNMachineLearning\KNNMachineLearning\Debug\link.5884-mt.write.1.tlog
E:\dat\VisualStudioWorkstaion\KNNMachineLearning\KNNMachineLearning\Debug\link.5884-rc.read.1.tlog
E:\dat\VisualStudioWorkstaion\KNNMachineLearning\KNNMachineLearning\Debug\link.5884-rc.write.1.tlog
E:\dat\VisualStudioWorkstaion\KNNMachineLearning\KNNMachineLearning\Debug\link.5884.read.1.tlog
E:\dat\VisualStudioWorkstaion\KNNMachineLearning\KNNMachineLearning\Debug\link.5884.write.1.tlog
E:\dat\VisualStudioWorkstaion\KNNMachineLearning\KNNMachineLearning\Debug\link.command.1.tlog
E:\dat\VisualStudioWorkstaion\KNNMachineLearning\KNNMachineLearning\Debug\link.read.1.tlog
E:\dat\VisualStudioWorkstaion\KNNMachineLearning\KNNMachineLearning\Debug\link.write.1.tlog
E:\dat\VisualStudioWorkstaion\KNNMachineLearning\KNNMachineLearning\Debug\rc.command.1.tlog
E:\dat\VisualStudioWorkstaion\KNNMachineLearning\KNNMachineLearning\Debug\rc.read.1.tlog
E:\dat\VisualStudioWorkstaion\KNNMachineLearning\KNNMachineLearning\Debug\rc.write.1.tlog
E:\dat\VisualStudioWorkstaion\KNNMachineLearning\KNNMachineLearning\Debug\KNNMachineLearning.pch
E:\dat\VisualStudioWorkstaion\KNNMachineLearning\KNNMachineLearning\Debug\vc110.idb
E:\dat\VisualStudioWorkstaion\KNNMachineLearning\KNNMachineLearning\Debug\vc110.pdb
E:\dat\VisualStudioWorkstaion\KNNMachineLearning\Debug\KNNMachineLearning.pdb
E:\dat\VisualStudioWorkstaion\KNNMachineLearning\Debug\KNNMachineLearning.exe
E:\dat\VisualStudioWorkstaion\KNNMachineLearning\Debug\KNNMachineLearning.ilk
